[DEBUG] Apply dependencies of \phpbb\db\migration\data\v320\v320a2.
[DEBUG] Apply dependencies of \phpbb\db\migration\data\v320\text_reparser.
[DEBUG] Apply dependencies of \phpbb\db\migration\data\v320\allowed_schemes_links.
[DEBUG] Apply dependencies of \phpbb\db\migration\data\v320\dev.
[DEBUG] Installing Schema: \phpbb\db\migration\data\v320\dev.
[INFO] Installed Schema: \phpbb\db\migration\data\v320\dev; Time: 0.00 seconds
[DEBUG] Apply dependencies of \phpbb\db\migration\data\v320\v320a2.
[DEBUG] Apply dependencies of \phpbb\db\migration\data\v320\text_reparser.
[DEBUG] Apply dependencies of \phpbb\db\migration\data\v320\allowed_schemes_links.
[DEBUG] Apply dependencies of \phpbb\db\migration\data\v320\dev.
[DEBUG] Installing Data: \phpbb\db\migration\data\v320\dev.
[INFO] Installed Data: \phpbb\db\migration\data\v320\dev; Time: 0.02 seconds
[DEBUG] Apply dependencies of \phpbb\db\migration\data\v320\v320a2.
[DEBUG] Apply dependencies of \phpbb\db\migration\data\v320\text_reparser.
[DEBUG] Apply dependencies of \phpbb\db\migration\data\v320\allowed_schemes_links.
[DEBUG] Installing Schema: \phpbb\db\migration\data\v320\allowed_schemes_links.
[INFO] Installed Schema: \phpbb\db\migration\data\v320\allowed_schemes_links; Time: 0.00 seconds
[DEBUG] Apply dependencies of \phpbb\db\migration\data\v320\v320a2.
[DEBUG] Apply dependencies of \phpbb\db\migration\data\v320\text_reparser.
[DEBUG] Apply dependencies of \phpbb\db\migration\data\v320\allowed_schemes_links.
[DEBUG] Installing Data: \phpbb\db\migration\data\v320\allowed_schemes_links.
[INFO] Installed Data: \phpbb\db\migration\data\v320\allowed_schemes_links; Time: 0.03 seconds
[DEBUG] Apply dependencies of \phpbb\db\migration\data\v320\v320a2.
[DEBUG] Apply dependencies of \phpbb\db\migration\data\v320\text_reparser.
[DEBUG] Installing Schema: \phpbb\db\migration\data\v320\text_reparser.
[INFO] Installed Schema: \phpbb\db\migration\data\v320\text_reparser; Time: 0.00 seconds
[DEBUG] Apply dependencies of \phpbb\db\migration\data\v320\v320a2.
[DEBUG] Apply dependencies of \phpbb\db\migration\data\v320\text_reparser.
[DEBUG] Installing Data: \phpbb\db\migration\data\v320\text_reparser.
[DEBUG] Installing Data: \phpbb\db\migration\data\v320\text_reparser; Time: 0.03 seconds
[DEBUG] Apply dependencies of \phpbb\db\migration\data\v320\v320a2.
[DEBUG] Apply dependencies of \phpbb\db\migration\data\v320\text_reparser.
[DEBUG] Installing Data: \phpbb\db\migration\data\v320\text_reparser.
[DEBUG] Installing Data: \phpbb\db\migration\data\v320\text_reparser; Time: 0.03 seconds
[DEBUG] Apply dependencies of \phpbb\db\migration\data\v320\v320a2.
[DEBUG] Apply dependencies of \phpbb\db\migration\data\v320\text_reparser.
[DEBUG] Installing Data: \phpbb\db\migration\data\v320\text_reparser.
[DEBUG] Installing Data: \phpbb\db\migration\data\v320\text_reparser; Time: 0.01 seconds
[DEBUG] Apply dependencies of \phpbb\db\migration\data\v320\v320a2.
[DEBUG] Apply dependencies of \phpbb\db\migration\data\v320\text_reparser.
[DEBUG] Installing Data: \phpbb\db\migration\data\v320\text_reparser.
[DEBUG] Installing Data: \phpbb\db\migration\data\v320\text_reparser; Time: 0.01 seconds
[DEBUG] Apply dependencies of \phpbb\db\migration\data\v320\v320a2.
[DEBUG] Apply dependencies of \phpbb\db\migration\data\v320\text_reparser.
[DEBUG] Installing Data: \phpbb\db\migration\data\v320\text_reparser.
[DEBUG] Installing Data: \phpbb\db\migration\data\v320\text_reparser; Time: 0.02 seconds
[DEBUG] Apply dependencies of \phpbb\db\migration\data\v320\v320a2.
[DEBUG] Apply dependencies of \phpbb\db\migration\data\v320\text_reparser.
[DEBUG] Installing Data: \phpbb\db\migration\data\v320\text_reparser.
[DEBUG] Installing Data: \phpbb\db\migration\data\v320\text_reparser; Time: 0.01 seconds
[DEBUG] Apply dependencies of \phpbb\db\migration\data\v320\v320a2.
[DEBUG] Apply dependencies of \phpbb\db\migration\data\v320\text_reparser.
[DEBUG] Installing Data: \phpbb\db\migration\data\v320\text_reparser.
[DEBUG] Installing Data: \phpbb\db\migration\data\v320\text_reparser; Time: 0.02 seconds
[DEBUG] Apply dependencies of \phpbb\db\migration\data\v320\v320a2.
[DEBUG] Apply dependencies of \phpbb\db\migration\data\v320\text_reparser.
[DEBUG] Installing Data: \phpbb\db\migration\data\v320\text_reparser.
[DEBUG] Installing Data: \phpbb\db\migration\data\v320\text_reparser; Time: 0.01 seconds
[DEBUG] Apply dependencies of \phpbb\db\migration\data\v320\v320a2.
[DEBUG] Apply dependencies of \phpbb\db\migration\data\v320\text_reparser.
[DEBUG] Installing Data: \phpbb\db\migration\data\v320\text_reparser.
[DEBUG] Installing Data: \phpbb\db\migration\data\v320\text_reparser; Time: 0.01 seconds
[DEBUG] Apply dependencies of \phpbb\db\migration\data\v320\v320a2.
[DEBUG] Apply dependencies of \phpbb\db\migration\data\v320\text_reparser.
[DEBUG] Installing Data: \phpbb\db\migration\data\v320\text_reparser.
[DEBUG] Installing Data: \phpbb\db\migration\data\v320\text_reparser; Time: 0.03 seconds
[DEBUG] Apply dependencies of \phpbb\db\migration\data\v320\v320a2.
[DEBUG] Apply dependencies of \phpbb\db\migration\data\v320\text_reparser.
[DEBUG] Installing Data: \phpbb\db\migration\data\v320\text_reparser.
[DEBUG] Installing Data: \phpbb\db\migration\data\v320\text_reparser; Time: 0.05 seconds
[DEBUG] Apply dependencies of \phpbb\db\migration\data\v320\v320a2.
[DEBUG] Apply dependencies of \phpbb\db\migration\data\v320\text_reparser.
[DEBUG] Installing Data: \phpbb\db\migration\data\v320\text_reparser.
[INFO] Installed Data: \phpbb\db\migration\data\v320\text_reparser; Time: 2.96 seconds
[DEBUG] Apply dependencies of \phpbb\db\migration\data\v320\v320a2.
[DEBUG] Apply dependencies of \phpbb\db\migration\data\v320\v320a1.
[DEBUG] Apply dependencies of \phpbb\db\migration\data\v320\announce_global_permission.
[DEBUG] Installing Schema: \phpbb\db\migration\data\v320\announce_global_permission.
[INFO] Installed Schema: \phpbb\db\migration\data\v320\announce_global_permission; Time: 0.00 seconds
[DEBUG] Apply dependencies of \phpbb\db\migration\data\v320\v320a2.
[DEBUG] Apply dependencies of \phpbb\db\migration\data\v320\v320a1.
[DEBUG] Apply dependencies of \phpbb\db\migration\data\v320\announce_global_permission.
[DEBUG] Installing Data: \phpbb\db\migration\data\v320\announce_global_permission.
[INFO] Installed Data: \phpbb\db\migration\data\v320\announce_global_permission; Time: 0.07 seconds
[DEBUG] Apply dependencies of \phpbb\db\migration\data\v320\v320a2.
[DEBUG] Apply dependencies of \phpbb\db\migration\data\v320\v320a1.
[DEBUG] Apply dependencies of \phpbb\db\migration\data\v320\remove_profilefield_wlm.
[DEBUG] Installing Schema: \phpbb\db\migration\data\v320\remove_profilefield_wlm.
[INFO] Installed Schema: \phpbb\db\migration\data\v320\remove_profilefield_wlm; Time: 0.11 seconds
[DEBUG] Apply dependencies of \phpbb\db\migration\data\v320\v320a2.
[DEBUG] Apply dependencies of \phpbb\db\migration\data\v320\v320a1.
[DEBUG] Apply dependencies of \phpbb\db\migration\data\v320\remove_profilefield_wlm.
[DEBUG] Installing Data: \phpbb\db\migration\data\v320\remove_profilefield_wlm.
[INFO] Installed Data: \phpbb\db\migration\data\v320\remove_profilefield_wlm; Time: 0.02 seconds
[DEBUG] Apply dependencies of \phpbb\db\migration\data\v320\v320a2.
[DEBUG] Apply dependencies of \phpbb\db\migration\data\v320\v320a1.
[DEBUG] Apply dependencies of \phpbb\db\migration\data\v320\font_awesome_update.
[DEBUG] Installing Schema: \phpbb\db\migration\data\v320\font_awesome_update.
[INFO] Installed Schema: \phpbb\db\migration\data\v320\font_awesome_update; Time: 0.00 seconds
[DEBUG] Apply dependencies of \phpbb\db\migration\data\v320\v320a2.
[DEBUG] Apply dependencies of \phpbb\db\migration\data\v320\v320a1.
[DEBUG] Apply dependencies of \phpbb\db\migration\data\v320\font_awesome_update.
[DEBUG] Installing Data: \phpbb\db\migration\data\v320\font_awesome_update.
[INFO] Installed Data: \phpbb\db\migration\data\v320\font_awesome_update; Time: 0.01 seconds
[DEBUG] Apply dependencies of \phpbb\db\migration\data\v320\v320a2.
[DEBUG] Apply dependencies of \phpbb\db\migration\data\v320\v320a1.
[DEBUG] Apply dependencies of \phpbb\db\migration\data\v320\icons_alt.
[DEBUG] Installing Schema: \phpbb\db\migration\data\v320\icons_alt.
[INFO] Installed Schema: \phpbb\db\migration\data\v320\icons_alt; Time: 0.16 seconds
[DEBUG] Apply dependencies of \phpbb\db\migration\data\v320\v320a2.
[DEBUG] Apply dependencies of \phpbb\db\migration\data\v320\v320a1.
[DEBUG] Apply dependencies of \phpbb\db\migration\data\v320\icons_alt.
[DEBUG] Installing Data: \phpbb\db\migration\data\v320\icons_alt.
[INFO] Installed Data: \phpbb\db\migration\data\v320\icons_alt; Time: 0.00 seconds
[DEBUG] Apply dependencies of \phpbb\db\migration\data\v320\v320a2.
[DEBUG] Apply dependencies of \phpbb\db\migration\data\v320\v320a1.
[DEBUG] Apply dependencies of \phpbb\db\migration\data\v320\log_post_id.
[DEBUG] Installing Schema: \phpbb\db\migration\data\v320\log_post_id.
[INFO] Installed Schema: \phpbb\db\migration\data\v320\log_post_id; Time: 0.16 seconds
[DEBUG] Apply dependencies of \phpbb\db\migration\data\v320\v320a2.
[DEBUG] Apply dependencies of \phpbb\db\migration\data\v320\v320a1.
[DEBUG] Apply dependencies of \phpbb\db\migration\data\v320\log_post_id.
[DEBUG] Installing Data: \phpbb\db\migration\data\v320\log_post_id.
[INFO] Installed Data: \phpbb\db\migration\data\v320\log_post_id; Time: 0.00 seconds
[DEBUG] Apply dependencies of \phpbb\db\migration\data\v320\v320a2.
[DEBUG] Apply dependencies of \phpbb\db\migration\data\v320\v320a1.
[DEBUG] Apply dependencies of \phpbb\db\migration\data\v320\remove_outdated_media.
[DEBUG] Installing Schema: \phpbb\db\migration\data\v320\remove_outdated_media.
[INFO] Installed Schema: \phpbb\db\migration\data\v320\remove_outdated_media; Time: 0.00 seconds
[DEBUG] Apply dependencies of \phpbb\db\migration\data\v320\v320a2.
[DEBUG] Apply dependencies of \phpbb\db\migration\data\v320\v320a1.
[DEBUG] Apply dependencies of \phpbb\db\migration\data\v320\remove_outdated_media.
[DEBUG] Installing Data: \phpbb\db\migration\data\v320\remove_outdated_media.
[INFO] Installed Data: \phpbb\db\migration\data\v320\remove_outdated_media; Time: 0.06 seconds
[DEBUG] Apply dependencies of \phpbb\db\migration\data\v320\v320a2.
[DEBUG] Apply dependencies of \phpbb\db\migration\data\v320\v320a1.
[DEBUG] Apply dependencies of \phpbb\db\migration\data\v320\notifications_board.
[DEBUG] Installing Schema: \phpbb\db\migration\data\v320\notifications_board.
[INFO] Installed Schema: \phpbb\db\migration\data\v320\notifications_board; Time: 0.00 seconds
[DEBUG] Apply dependencies of \phpbb\db\migration\data\v320\v320a2.
[DEBUG] Apply dependencies of \phpbb\db\migration\data\v320\v320a1.
[DEBUG] Apply dependencies of \phpbb\db\migration\data\v320\notifications_board.
[DEBUG] Installing Data: \phpbb\db\migration\data\v320\notifications_board.
[DEBUG] Installing Data: \phpbb\db\migration\data\v320\notifications_board; Time: 0.01 seconds
[DEBUG] Apply dependencies of \phpbb\db\migration\data\v320\v320a2.
[DEBUG] Apply dependencies of \phpbb\db\migration\data\v320\v320a1.
[DEBUG] Apply dependencies of \phpbb\db\migration\data\v320\notifications_board.
[DEBUG] Installing Data: \phpbb\db\migration\data\v320\notifications_board.
[DEBUG] Installing Data: \phpbb\db\migration\data\v320\notifications_board; Time: 0.02 seconds
[DEBUG] Apply dependencies of \phpbb\db\migration\data\v320\v320a2.
[DEBUG] Apply dependencies of \phpbb\db\migration\data\v320\v320a1.
[DEBUG] Apply dependencies of \phpbb\db\migration\data\v320\notifications_board.
[DEBUG] Installing Data: \phpbb\db\migration\data\v320\notifications_board.
[INFO] Installed Data: \phpbb\db\migration\data\v320\notifications_board; Time: 0.04 seconds
[DEBUG] Apply dependencies of \phpbb\db\migration\data\v320\v320a2.
[DEBUG] Apply dependencies of \phpbb\db\migration\data\v320\v320a1.
[DEBUG] Installing Schema: \phpbb\db\migration\data\v320\v320a1.
[INFO] Installed Schema: \phpbb\db\migration\data\v320\v320a1; Time: 0.00 seconds
[DEBUG] Apply dependencies of \phpbb\db\migration\data\v320\v320a2.
[DEBUG] Apply dependencies of \phpbb\db\migration\data\v320\v320a1.
[DEBUG] Installing Data: \phpbb\db\migration\data\v320\v320a1.
[INFO] Installed Data: \phpbb\db\migration\data\v320\v320a1; Time: 0.01 seconds
[DEBUG] Apply dependencies of \phpbb\db\migration\data\v320\v320a2.
[DEBUG] Installing Schema: \phpbb\db\migration\data\v320\v320a2.
[INFO] Installed Schema: \phpbb\db\migration\data\v320\v320a2; Time: 0.00 seconds
[DEBUG] Apply dependencies of \phpbb\db\migration\data\v320\v320a2.
[DEBUG] Installing Data: \phpbb\db\migration\data\v320\v320a2.
[INFO] Installed Data: \phpbb\db\migration\data\v320\v320a2; Time: 0.01 seconds
[DEBUG] Migration already effectively installed (skipped): \phpbb\db\migration\data\v320\v320a2
[DEBUG] Migration already effectively installed (skipped): \phpbb\db\migration\data\v320\font_awesome_update
[DEBUG] Apply dependencies of \phpbb\db\migration\data\v320\report_id_auto_increment.
[DEBUG] Apply dependencies of \phpbb\db\migration\data\v320\default_data_type_ids.
[DEBUG] Apply dependencies of \phpbb\db\migration\data\v320\oauth_states.
[DEBUG] Installing Schema: \phpbb\db\migration\data\v320\oauth_states.
[INFO] Installed Schema: \phpbb\db\migration\data\v320\oauth_states; Time: 0.22 seconds
[DEBUG] Migration already effectively installed (skipped): \phpbb\db\migration\data\v320\v320a2
[DEBUG] Migration already effectively installed (skipped): \phpbb\db\migration\data\v320\font_awesome_update
[DEBUG] Apply dependencies of \phpbb\db\migration\data\v320\report_id_auto_increment.
[DEBUG] Apply dependencies of \phpbb\db\migration\data\v320\default_data_type_ids.
[DEBUG] Apply dependencies of \phpbb\db\migration\data\v320\oauth_states.
[DEBUG] Installing Data: \phpbb\db\migration\data\v320\oauth_states.
[INFO] Installed Data: \phpbb\db\migration\data\v320\oauth_states; Time: 0.00 seconds
[DEBUG] Migration already effectively installed (skipped): \phpbb\db\migration\data\v320\v320a2
[DEBUG] Migration already effectively installed (skipped): \phpbb\db\migration\data\v320\font_awesome_update
[DEBUG] Apply dependencies of \phpbb\db\migration\data\v320\report_id_auto_increment.
[DEBUG] Apply dependencies of \phpbb\db\migration\data\v320\default_data_type_ids.
[DEBUG] Installing Schema: \phpbb\db\migration\data\v320\default_data_type_ids.
[DEBUG] Installing Schema: \phpbb\db\migration\data\v320\default_data_type_ids; Time: 0.10 seconds
[DEBUG] Migration already effectively installed (skipped): \phpbb\db\migration\data\v320\v320a2
[DEBUG] Migration already effectively installed (skipped): \phpbb\db\migration\data\v320\font_awesome_update
[DEBUG] Apply dependencies of \phpbb\db\migration\data\v320\report_id_auto_increment.
[DEBUG] Apply dependencies of \phpbb\db\migration\data\v320\default_data_type_ids.
[DEBUG] Installing Schema: \phpbb\db\migration\data\v320\default_data_type_ids.
[DEBUG] Installing Schema: \phpbb\db\migration\data\v320\default_data_type_ids; Time: 0.15 seconds
[DEBUG] Migration already effectively installed (skipped): \phpbb\db\migration\data\v320\v320a2
[DEBUG] Migration already effectively installed (skipped): \phpbb\db\migration\data\v320\font_awesome_update
[DEBUG] Apply dependencies of \phpbb\db\migration\data\v320\report_id_auto_increment.
[DEBUG] Apply dependencies of \phpbb\db\migration\data\v320\default_data_type_ids.
[DEBUG] Installing Schema: \phpbb\db\migration\data\v320\default_data_type_ids.
[DEBUG] Installing Schema: \phpbb\db\migration\data\v320\default_data_type_ids; Time: 0.13 seconds
[DEBUG] Migration already effectively installed (skipped): \phpbb\db\migration\data\v320\v320a2
[DEBUG] Migration already effectively installed (skipped): \phpbb\db\migration\data\v320\font_awesome_update
[DEBUG] Apply dependencies of \phpbb\db\migration\data\v320\report_id_auto_increment.
[DEBUG] Apply dependencies of \phpbb\db\migration\data\v320\default_data_type_ids.
[DEBUG] Installing Schema: \phpbb\db\migration\data\v320\default_data_type_ids.
[DEBUG] Installing Schema: \phpbb\db\migration\data\v320\default_data_type_ids; Time: 0.18 seconds
[DEBUG] Migration already effectively installed (skipped): \phpbb\db\migration\data\v320\v320a2
[DEBUG] Migration already effectively installed (skipped): \phpbb\db\migration\data\v320\font_awesome_update
[DEBUG] Apply dependencies of \phpbb\db\migration\data\v320\report_id_auto_increment.
[DEBUG] Apply dependencies of \phpbb\db\migration\data\v320\default_data_type_ids.
[DEBUG] Installing Schema: \phpbb\db\migration\data\v320\default_data_type_ids.
[DEBUG] Installing Schema: \phpbb\db\migration\data\v320\default_data_type_ids; Time: 0.09 seconds
[DEBUG] Migration already effectively installed (skipped): \phpbb\db\migration\data\v320\v320a2
[DEBUG] Migration already effectively installed (skipped): \phpbb\db\migration\data\v320\font_awesome_update
[DEBUG] Apply dependencies of \phpbb\db\migration\data\v320\report_id_auto_increment.
[DEBUG] Apply dependencies of \phpbb\db\migration\data\v320\default_data_type_ids.
[DEBUG] Installing Schema: \phpbb\db\migration\data\v320\default_data_type_ids.
[DEBUG] Installing Schema: \phpbb\db\migration\data\v320\default_data_type_ids; Time: 0.11 seconds
[DEBUG] Migration already effectively installed (skipped): \phpbb\db\migration\data\v320\v320a2
[DEBUG] Migration already effectively installed (skipped): \phpbb\db\migration\data\v320\font_awesome_update
[DEBUG] Apply dependencies of \phpbb\db\migration\data\v320\report_id_auto_increment.
[DEBUG] Apply dependencies of \phpbb\db\migration\data\v320\default_data_type_ids.
[DEBUG] Installing Schema: \phpbb\db\migration\data\v320\default_data_type_ids.
[DEBUG] Installing Schema: \phpbb\db\migration\data\v320\default_data_type_ids; Time: 0.08 seconds
[DEBUG] Migration already effectively installed (skipped): \phpbb\db\migration\data\v320\v320a2
[DEBUG] Migration already effectively installed (skipped): \phpbb\db\migration\data\v320\font_awesome_update
[DEBUG] Apply dependencies of \phpbb\db\migration\data\v320\report_id_auto_increment.
[DEBUG] Apply dependencies of \phpbb\db\migration\data\v320\default_data_type_ids.
[DEBUG] Installing Schema: \phpbb\db\migration\data\v320\default_data_type_ids.
[DEBUG] Installing Schema: \phpbb\db\migration\data\v320\default_data_type_ids; Time: 0.09 seconds
[DEBUG] Migration already effectively installed (skipped): \phpbb\db\migration\data\v320\v320a2
[DEBUG] Migration already effectively installed (skipped): \phpbb\db\migration\data\v320\font_awesome_update
[DEBUG] Apply dependencies of \phpbb\db\migration\data\v320\report_id_auto_increment.
[DEBUG] Apply dependencies of \phpbb\db\migration\data\v320\default_data_type_ids.
[DEBUG] Installing Schema: \phpbb\db\migration\data\v320\default_data_type_ids.
[DEBUG] Installing Schema: \phpbb\db\migration\data\v320\default_data_type_ids; Time: 0.14 seconds
[DEBUG] Migration already effectively installed (skipped): \phpbb\db\migration\data\v320\v320a2
[DEBUG] Migration already effectively installed (skipped): \phpbb\db\migration\data\v320\font_awesome_update
[DEBUG] Apply dependencies of \phpbb\db\migration\data\v320\report_id_auto_increment.
[DEBUG] Apply dependencies of \phpbb\db\migration\data\v320\default_data_type_ids.
[DEBUG] Installing Schema: \phpbb\db\migration\data\v320\default_data_type_ids.
[DEBUG] Installing Schema: \phpbb\db\migration\data\v320\default_data_type_ids; Time: 0.10 seconds
[DEBUG] Migration already effectively installed (skipped): \phpbb\db\migration\data\v320\v320a2
[DEBUG] Migration already effectively installed (skipped): \phpbb\db\migration\data\v320\font_awesome_update
[DEBUG] Apply dependencies of \phpbb\db\migration\data\v320\report_id_auto_increment.
[DEBUG] Apply dependencies of \phpbb\db\migration\data\v320\default_data_type_ids.
[DEBUG] Installing Schema: \phpbb\db\migration\data\v320\default_data_type_ids.
[DEBUG] Installing Schema: \phpbb\db\migration\data\v320\default_data_type_ids; Time: 0.21 seconds
[DEBUG] Migration already effectively installed (skipped): \phpbb\db\migration\data\v320\v320a2
[DEBUG] Migration already effectively installed (skipped): \phpbb\db\migration\data\v320\font_awesome_update
[DEBUG] Apply dependencies of \phpbb\db\migration\data\v320\report_id_auto_increment.
[DEBUG] Apply dependencies of \phpbb\db\migration\data\v320\default_data_type_ids.
[DEBUG] Installing Schema: \phpbb\db\migration\data\v320\default_data_type_ids.
[DEBUG] Installing Schema: \phpbb\db\migration\data\v320\default_data_type_ids; Time: 0.18 seconds
[DEBUG] Migration already effectively installed (skipped): \phpbb\db\migration\data\v320\v320a2
[DEBUG] Migration already effectively installed (skipped): \phpbb\db\migration\data\v320\font_awesome_update
[DEBUG] Apply dependencies of \phpbb\db\migration\data\v320\report_id_auto_increment.
[DEBUG] Apply dependencies of \phpbb\db\migration\data\v320\default_data_type_ids.
[DEBUG] Installing Schema: \phpbb\db\migration\data\v320\default_data_type_ids.
[DEBUG] Installing Schema: \phpbb\db\migration\data\v320\default_data_type_ids; Time: 0.19 seconds
[DEBUG] Migration already effectively installed (skipped): \phpbb\db\migration\data\v320\v320a2
[DEBUG] Migration already effectively installed (skipped): \phpbb\db\migration\data\v320\font_awesome_update
[DEBUG] Apply dependencies of \phpbb\db\migration\data\v320\report_id_auto_increment.
[DEBUG] Apply dependencies of \phpbb\db\migration\data\v320\default_data_type_ids.
[DEBUG] Installing Schema: \phpbb\db\migration\data\v320\default_data_type_ids.
[DEBUG] Installing Schema: \phpbb\db\migration\data\v320\default_data_type_ids; Time: 0.08 seconds
[DEBUG] Migration already effectively installed (skipped): \phpbb\db\migration\data\v320\v320a2
[DEBUG] Migration already effectively installed (skipped): \phpbb\db\migration\data\v320\font_awesome_update
[DEBUG] Apply dependencies of \phpbb\db\migration\data\v320\report_id_auto_increment.
[DEBUG] Apply dependencies of \phpbb\db\migration\data\v320\default_data_type_ids.
[DEBUG] Installing Schema: \phpbb\db\migration\data\v320\default_data_type_ids.
[DEBUG] Installing Schema: \phpbb\db\migration\data\v320\default_data_type_ids; Time: 0.16 seconds
[DEBUG] Migration already effectively installed (skipped): \phpbb\db\migration\data\v320\v320a2
[DEBUG] Migration already effectively installed (skipped): \phpbb\db\migration\data\v320\font_awesome_update
[DEBUG] Apply dependencies of \phpbb\db\migration\data\v320\report_id_auto_increment.
[DEBUG] Apply dependencies of \phpbb\db\migration\data\v320\default_data_type_ids.
[DEBUG] Installing Schema: \phpbb\db\migration\data\v320\default_data_type_ids.
[DEBUG] Installing Schema: \phpbb\db\migration\data\v320\default_data_type_ids; Time: 0.13 seconds
[DEBUG] Migration already effectively installed (skipped): \phpbb\db\migration\data\v320\v320a2
[DEBUG] Migration already effectively installed (skipped): \phpbb\db\migration\data\v320\font_awesome_update
[DEBUG] Apply dependencies of \phpbb\db\migration\data\v320\report_id_auto_increment.
[DEBUG] Apply dependencies of \phpbb\db\migration\data\v320\default_data_type_ids.
[DEBUG] Installing Schema: \phpbb\db\migration\data\v320\default_data_type_ids.
[DEBUG] Installing Schema: \phpbb\db\migration\data\v320\default_data_type_ids; Time: 0.58 seconds
[DEBUG] Migration already effectively installed (skipped): \phpbb\db\migration\data\v320\v320a2
[DEBUG] Migration already effectively installed (skipped): \phpbb\db\migration\data\v320\font_awesome_update
[DEBUG] Apply dependencies of \phpbb\db\migration\data\v320\report_id_auto_increment.
[DEBUG] Apply dependencies of \phpbb\db\migration\data\v320\default_data_type_ids.
[DEBUG] Installing Schema: \phpbb\db\migration\data\v320\default_data_type_ids.
[DEBUG] Installing Schema: \phpbb\db\migration\data\v320\default_data_type_ids; Time: 0.26 seconds
[DEBUG] Migration already effectively installed (skipped): \phpbb\db\migration\data\v320\v320a2
[DEBUG] Migration already effectively installed (skipped): \phpbb\db\migration\data\v320\font_awesome_update
[DEBUG] Apply dependencies of \phpbb\db\migration\data\v320\report_id_auto_increment.
[DEBUG] Apply dependencies of \phpbb\db\migration\data\v320\default_data_type_ids.
[DEBUG] Installing Schema: \phpbb\db\migration\data\v320\default_data_type_ids.
[DEBUG] Installing Schema: \phpbb\db\migration\data\v320\default_data_type_ids; Time: 0.14 seconds
[DEBUG] Migration already effectively installed (skipped): \phpbb\db\migration\data\v320\v320a2
[DEBUG] Migration already effectively installed (skipped): \phpbb\db\migration\data\v320\font_awesome_update
[DEBUG] Apply dependencies of \phpbb\db\migration\data\v320\report_id_auto_increment.
[DEBUG] Apply dependencies of \phpbb\db\migration\data\v320\default_data_type_ids.
[DEBUG] Installing Schema: \phpbb\db\migration\data\v320\default_data_type_ids.
[DEBUG] Installing Schema: \phpbb\db\migration\data\v320\default_data_type_ids; Time: 0.17 seconds
[DEBUG] Migration already effectively installed (skipped): \phpbb\db\migration\data\v320\v320a2
[DEBUG] Migration already effectively installed (skipped): \phpbb\db\migration\data\v320\font_awesome_update
[DEBUG] Apply dependencies of \phpbb\db\migration\data\v320\report_id_auto_increment.
[DEBUG] Apply dependencies of \phpbb\db\migration\data\v320\default_data_type_ids.
[DEBUG] Installing Schema: \phpbb\db\migration\data\v320\default_data_type_ids.
[DEBUG] Installing Schema: \phpbb\db\migration\data\v320\default_data_type_ids; Time: 0.18 seconds
[DEBUG] Migration already effectively installed (skipped): \phpbb\db\migration\data\v320\v320a2
[DEBUG] Migration already effectively installed (skipped): \phpbb\db\migration\data\v320\font_awesome_update
[DEBUG] Apply dependencies of \phpbb\db\migration\data\v320\report_id_auto_increment.
[DEBUG] Apply dependencies of \phpbb\db\migration\data\v320\default_data_type_ids.
[DEBUG] Installing Schema: \phpbb\db\migration\data\v320\default_data_type_ids.
[DEBUG] Installing Schema: \phpbb\db\migration\data\v320\default_data_type_ids; Time: 0.17 seconds
[DEBUG] Migration already effectively installed (skipped): \phpbb\db\migration\data\v320\v320a2
[DEBUG] Migration already effectively installed (skipped): \phpbb\db\migration\data\v320\font_awesome_update
[DEBUG] Apply dependencies of \phpbb\db\migration\data\v320\report_id_auto_increment.
[DEBUG] Apply dependencies of \phpbb\db\migration\data\v320\default_data_type_ids.
[DEBUG] Installing Schema: \phpbb\db\migration\data\v320\default_data_type_ids.
[DEBUG] Installing Schema: \phpbb\db\migration\data\v320\default_data_type_ids; Time: 0.16 seconds
[DEBUG] Migration already effectively installed (skipped): \phpbb\db\migration\data\v320\v320a2
[DEBUG] Migration already effectively installed (skipped): \phpbb\db\migration\data\v320\font_awesome_update
[DEBUG] Apply dependencies of \phpbb\db\migration\data\v320\report_id_auto_increment.
[DEBUG] Apply dependencies of \phpbb\db\migration\data\v320\default_data_type_ids.
[DEBUG] Installing Schema: \phpbb\db\migration\data\v320\default_data_type_ids.
[DEBUG] Installing Schema: \phpbb\db\migration\data\v320\default_data_type_ids; Time: 0.19 seconds
[DEBUG] Migration already effectively installed (skipped): \phpbb\db\migration\data\v320\v320a2
[DEBUG] Migration already effectively installed (skipped): \phpbb\db\migration\data\v320\font_awesome_update
[DEBUG] Apply dependencies of \phpbb\db\migration\data\v320\report_id_auto_increment.
[DEBUG] Apply dependencies of \phpbb\db\migration\data\v320\default_data_type_ids.
[DEBUG] Installing Schema: \phpbb\db\migration\data\v320\default_data_type_ids.
[DEBUG] Installing Schema: \phpbb\db\migration\data\v320\default_data_type_ids; Time: 0.15 seconds
[DEBUG] Migration already effectively installed (skipped): \phpbb\db\migration\data\v320\v320a2
[DEBUG] Migration already effectively installed (skipped): \phpbb\db\migration\data\v320\font_awesome_update
[DEBUG] Apply dependencies of \phpbb\db\migration\data\v320\report_id_auto_increment.
[DEBUG] Apply dependencies of \phpbb\db\migration\data\v320\default_data_type_ids.
[DEBUG] Installing Schema: \phpbb\db\migration\data\v320\default_data_type_ids.
[DEBUG] Installing Schema: \phpbb\db\migration\data\v320\default_data_type_ids; Time: 0.15 seconds
[DEBUG] Migration already effectively installed (skipped): \phpbb\db\migration\data\v320\v320a2
[DEBUG] Migration already effectively installed (skipped): \phpbb\db\migration\data\v320\font_awesome_update
[DEBUG] Apply dependencies of \phpbb\db\migration\data\v320\report_id_auto_increment.
[DEBUG] Apply dependencies of \phpbb\db\migration\data\v320\default_data_type_ids.
[DEBUG] Installing Schema: \phpbb\db\migration\data\v320\default_data_type_ids.
[DEBUG] Installing Schema: \phpbb\db\migration\data\v320\default_data_type_ids; Time: 0.21 seconds
[DEBUG] Migration already effectively installed (skipped): \phpbb\db\migration\data\v320\v320a2
[DEBUG] Migration already effectively installed (skipped): \phpbb\db\migration\data\v320\font_awesome_update
[DEBUG] Apply dependencies of \phpbb\db\migration\data\v320\report_id_auto_increment.
[DEBUG] Apply dependencies of \phpbb\db\migration\data\v320\default_data_type_ids.
[DEBUG] Installing Schema: \phpbb\db\migration\data\v320\default_data_type_ids.
[DEBUG] Installing Schema: \phpbb\db\migration\data\v320\default_data_type_ids; Time: 0.08 seconds
[DEBUG] Migration already effectively installed (skipped): \phpbb\db\migration\data\v320\v320a2
[DEBUG] Migration already effectively installed (skipped): \phpbb\db\migration\data\v320\font_awesome_update
[DEBUG] Apply dependencies of \phpbb\db\migration\data\v320\report_id_auto_increment.
[DEBUG] Apply dependencies of \phpbb\db\migration\data\v320\default_data_type_ids.
[DEBUG] Installing Schema: \phpbb\db\migration\data\v320\default_data_type_ids.
[DEBUG] Installing Schema: \phpbb\db\migration\data\v320\default_data_type_ids; Time: 0.09 seconds
[DEBUG] Migration already effectively installed (skipped): \phpbb\db\migration\data\v320\v320a2
[DEBUG] Migration already effectively installed (skipped): \phpbb\db\migration\data\v320\font_awesome_update
[DEBUG] Apply dependencies of \phpbb\db\migration\data\v320\report_id_auto_increment.
[DEBUG] Apply dependencies of \phpbb\db\migration\data\v320\default_data_type_ids.
[DEBUG] Installing Schema: \phpbb\db\migration\data\v320\default_data_type_ids.
[DEBUG] Installing Schema: \phpbb\db\migration\data\v320\default_data_type_ids; Time: 0.07 seconds
[DEBUG] Migration already effectively installed (skipped): \phpbb\db\migration\data\v320\v320a2
[DEBUG] Migration already effectively installed (skipped): \phpbb\db\migration\data\v320\font_awesome_update
[DEBUG] Apply dependencies of \phpbb\db\migration\data\v320\report_id_auto_increment.
[DEBUG] Apply dependencies of \phpbb\db\migration\data\v320\default_data_type_ids.
[DEBUG] Installing Schema: \phpbb\db\migration\data\v320\default_data_type_ids.
[DEBUG] Installing Schema: \phpbb\db\migration\data\v320\default_data_type_ids; Time: 0.08 seconds
[DEBUG] Migration already effectively installed (skipped): \phpbb\db\migration\data\v320\v320a2
[DEBUG] Migration already effectively installed (skipped): \phpbb\db\migration\data\v320\font_awesome_update
[DEBUG] Apply dependencies of \phpbb\db\migration\data\v320\report_id_auto_increment.
[DEBUG] Apply dependencies of \phpbb\db\migration\data\v320\default_data_type_ids.
[DEBUG] Installing Schema: \phpbb\db\migration\data\v320\default_data_type_ids.
[DEBUG] Installing Schema: \phpbb\db\migration\data\v320\default_data_type_ids; Time: 0.09 seconds
[DEBUG] Migration already effectively installed (skipped): \phpbb\db\migration\data\v320\v320a2
[DEBUG] Migration already effectively installed (skipped): \phpbb\db\migration\data\v320\font_awesome_update
[DEBUG] Apply dependencies of \phpbb\db\migration\data\v320\report_id_auto_increment.
[DEBUG] Apply dependencies of \phpbb\db\migration\data\v320\default_data_type_ids.
[DEBUG] Installing Schema: \phpbb\db\migration\data\v320\default_data_type_ids.
[DEBUG] Installing Schema: \phpbb\db\migration\data\v320\default_data_type_ids; Time: 0.06 seconds
[DEBUG] Migration already effectively installed (skipped): \phpbb\db\migration\data\v320\v320a2
[DEBUG] Migration already effectively installed (skipped): \phpbb\db\migration\data\v320\font_awesome_update
[DEBUG] Apply dependencies of \phpbb\db\migration\data\v320\report_id_auto_increment.
[DEBUG] Apply dependencies of \phpbb\db\migration\data\v320\default_data_type_ids.
[DEBUG] Installing Schema: \phpbb\db\migration\data\v320\default_data_type_ids.
[DEBUG] Installing Schema: \phpbb\db\migration\data\v320\default_data_type_ids; Time: 1.33 seconds
[DEBUG] Migration already effectively installed (skipped): \phpbb\db\migration\data\v320\v320a2
[DEBUG] Migration already effectively installed (skipped): \phpbb\db\migration\data\v320\font_awesome_update
[DEBUG] Apply dependencies of \phpbb\db\migration\data\v320\report_id_auto_increment.
[DEBUG] Apply dependencies of \phpbb\db\migration\data\v320\default_data_type_ids.
[DEBUG] Installing Schema: \phpbb\db\migration\data\v320\default_data_type_ids.
[DEBUG] Installing Schema: \phpbb\db\migration\data\v320\default_data_type_ids; Time: 1.11 seconds
[DEBUG] Migration already effectively installed (skipped): \phpbb\db\migration\data\v320\v320a2
[DEBUG] Migration already effectively installed (skipped): \phpbb\db\migration\data\v320\font_awesome_update
[DEBUG] Apply dependencies of \phpbb\db\migration\data\v320\report_id_auto_increment.
[DEBUG] Apply dependencies of \phpbb\db\migration\data\v320\default_data_type_ids.
[DEBUG] Installing Schema: \phpbb\db\migration\data\v320\default_data_type_ids.
[DEBUG] Installing Schema: \phpbb\db\migration\data\v320\default_data_type_ids; Time: 0.86 seconds
