[DEBUG] Migration already effectively installed (skipped): \phpbb\db\migration\data\v320\v320a2
[DEBUG] Migration already effectively installed (skipped): \phpbb\db\migration\data\v320\font_awesome_update
[DEBUG] Apply dependencies of \phpbb\db\migration\data\v320\report_id_auto_increment.
[DEBUG] Apply dependencies of \phpbb\db\migration\data\v320\default_data_type_ids.
[DEBUG] Installing Schema: \phpbb\db\migration\data\v320\default_data_type_ids.
[DEBUG] Installing Schema: \phpbb\db\migration\data\v320\default_data_type_ids; Time: 0.86 seconds
[DEBUG] Migration already effectively installed (skipped): \phpbb\db\migration\data\v320\v320a2
[DEBUG] Migration already effectively installed (skipped): \phpbb\db\migration\data\v320\font_awesome_update
[DEBUG] Apply dependencies of \phpbb\db\migration\data\v320\report_id_auto_increment.
[DEBUG] Apply dependencies of \phpbb\db\migration\data\v320\default_data_type_ids.
[DEBUG] Installing Schema: \phpbb\db\migration\data\v320\default_data_type_ids.
[DEBUG] Installing Schema: \phpbb\db\migration\data\v320\default_data_type_ids; Time: 0.87 seconds
[DEBUG] Migration already effectively installed (skipped): \phpbb\db\migration\data\v320\v320a2
[DEBUG] Migration already effectively installed (skipped): \phpbb\db\migration\data\v320\font_awesome_update
[DEBUG] Apply dependencies of \phpbb\db\migration\data\v320\report_id_auto_increment.
[DEBUG] Apply dependencies of \phpbb\db\migration\data\v320\default_data_type_ids.
[DEBUG] Installing Schema: \phpbb\db\migration\data\v320\default_data_type_ids.
[DEBUG] Installing Schema: \phpbb\db\migration\data\v320\default_data_type_ids; Time: 0.12 seconds
[DEBUG] Migration already effectively installed (skipped): \phpbb\db\migration\data\v320\v320a2
[DEBUG] Migration already effectively installed (skipped): \phpbb\db\migration\data\v320\font_awesome_update
[DEBUG] Apply dependencies of \phpbb\db\migration\data\v320\report_id_auto_increment.
[DEBUG] Apply dependencies of \phpbb\db\migration\data\v320\default_data_type_ids.
[DEBUG] Installing Schema: \phpbb\db\migration\data\v320\default_data_type_ids.
[DEBUG] Installing Schema: \phpbb\db\migration\data\v320\default_data_type_ids; Time: 0.21 seconds
[DEBUG] Migration already effectively installed (skipped): \phpbb\db\migration\data\v320\v320a2
[DEBUG] Migration already effectively installed (skipped): \phpbb\db\migration\data\v320\font_awesome_update
[DEBUG] Apply dependencies of \phpbb\db\migration\data\v320\report_id_auto_increment.
[DEBUG] Apply dependencies of \phpbb\db\migration\data\v320\default_data_type_ids.
[DEBUG] Installing Schema: \phpbb\db\migration\data\v320\default_data_type_ids.
[DEBUG] Installing Schema: \phpbb\db\migration\data\v320\default_data_type_ids; Time: 0.13 seconds
[DEBUG] Migration already effectively installed (skipped): \phpbb\db\migration\data\v320\v320a2
[DEBUG] Migration already effectively installed (skipped): \phpbb\db\migration\data\v320\font_awesome_update
[DEBUG] Apply dependencies of \phpbb\db\migration\data\v320\report_id_auto_increment.
[DEBUG] Apply dependencies of \phpbb\db\migration\data\v320\default_data_type_ids.
[DEBUG] Installing Schema: \phpbb\db\migration\data\v320\default_data_type_ids.
[DEBUG] Installing Schema: \phpbb\db\migration\data\v320\default_data_type_ids; Time: 0.09 seconds
[DEBUG] Migration already effectively installed (skipped): \phpbb\db\migration\data\v320\v320a2
[DEBUG] Migration already effectively installed (skipped): \phpbb\db\migration\data\v320\font_awesome_update
[DEBUG] Apply dependencies of \phpbb\db\migration\data\v320\report_id_auto_increment.
[DEBUG] Apply dependencies of \phpbb\db\migration\data\v320\default_data_type_ids.
[DEBUG] Installing Schema: \phpbb\db\migration\data\v320\default_data_type_ids.
[DEBUG] Installing Schema: \phpbb\db\migration\data\v320\default_data_type_ids; Time: 0.43 seconds
[DEBUG] Migration already effectively installed (skipped): \phpbb\db\migration\data\v320\v320a2
[DEBUG] Migration already effectively installed (skipped): \phpbb\db\migration\data\v320\font_awesome_update
[DEBUG] Apply dependencies of \phpbb\db\migration\data\v320\report_id_auto_increment.
[DEBUG] Apply dependencies of \phpbb\db\migration\data\v320\default_data_type_ids.
[DEBUG] Installing Schema: \phpbb\db\migration\data\v320\default_data_type_ids.
[DEBUG] Installing Schema: \phpbb\db\migration\data\v320\default_data_type_ids; Time: 0.15 seconds
[DEBUG] Migration already effectively installed (skipped): \phpbb\db\migration\data\v320\v320a2
[DEBUG] Migration already effectively installed (skipped): \phpbb\db\migration\data\v320\font_awesome_update
[DEBUG] Apply dependencies of \phpbb\db\migration\data\v320\report_id_auto_increment.
[DEBUG] Apply dependencies of \phpbb\db\migration\data\v320\default_data_type_ids.
[DEBUG] Installing Schema: \phpbb\db\migration\data\v320\default_data_type_ids.
[DEBUG] Installing Schema: \phpbb\db\migration\data\v320\default_data_type_ids; Time: 0.23 seconds
[DEBUG] Migration already effectively installed (skipped): \phpbb\db\migration\data\v320\v320a2
[DEBUG] Migration already effectively installed (skipped): \phpbb\db\migration\data\v320\font_awesome_update
[DEBUG] Apply dependencies of \phpbb\db\migration\data\v320\report_id_auto_increment.
[DEBUG] Apply dependencies of \phpbb\db\migration\data\v320\default_data_type_ids.
[DEBUG] Installing Schema: \phpbb\db\migration\data\v320\default_data_type_ids.
[DEBUG] Installing Schema: \phpbb\db\migration\data\v320\default_data_type_ids; Time: 0.29 seconds
[DEBUG] Migration already effectively installed (skipped): \phpbb\db\migration\data\v320\v320a2
[DEBUG] Migration already effectively installed (skipped): \phpbb\db\migration\data\v320\font_awesome_update
[DEBUG] Apply dependencies of \phpbb\db\migration\data\v320\report_id_auto_increment.
[DEBUG] Apply dependencies of \phpbb\db\migration\data\v320\default_data_type_ids.
[DEBUG] Installing Schema: \phpbb\db\migration\data\v320\default_data_type_ids.
[DEBUG] Installing Schema: \phpbb\db\migration\data\v320\default_data_type_ids; Time: 0.25 seconds
[DEBUG] Migration already effectively installed (skipped): \phpbb\db\migration\data\v320\v320a2
[DEBUG] Migration already effectively installed (skipped): \phpbb\db\migration\data\v320\font_awesome_update
[DEBUG] Apply dependencies of \phpbb\db\migration\data\v320\report_id_auto_increment.
[DEBUG] Apply dependencies of \phpbb\db\migration\data\v320\default_data_type_ids.
[DEBUG] Installing Schema: \phpbb\db\migration\data\v320\default_data_type_ids.
[DEBUG] Installing Schema: \phpbb\db\migration\data\v320\default_data_type_ids; Time: 0.11 seconds
[DEBUG] Migration already effectively installed (skipped): \phpbb\db\migration\data\v320\v320a2
[DEBUG] Migration already effectively installed (skipped): \phpbb\db\migration\data\v320\font_awesome_update
[DEBUG] Apply dependencies of \phpbb\db\migration\data\v320\report_id_auto_increment.
[DEBUG] Apply dependencies of \phpbb\db\migration\data\v320\default_data_type_ids.
[DEBUG] Installing Schema: \phpbb\db\migration\data\v320\default_data_type_ids.
[DEBUG] Installing Schema: \phpbb\db\migration\data\v320\default_data_type_ids; Time: 0.10 seconds
[DEBUG] Migration already effectively installed (skipped): \phpbb\db\migration\data\v320\v320a2
[DEBUG] Migration already effectively installed (skipped): \phpbb\db\migration\data\v320\font_awesome_update
[DEBUG] Apply dependencies of \phpbb\db\migration\data\v320\report_id_auto_increment.
[DEBUG] Apply dependencies of \phpbb\db\migration\data\v320\default_data_type_ids.
[DEBUG] Installing Schema: \phpbb\db\migration\data\v320\default_data_type_ids.
[DEBUG] Installing Schema: \phpbb\db\migration\data\v320\default_data_type_ids; Time: 0.15 seconds
[DEBUG] Migration already effectively installed (skipped): \phpbb\db\migration\data\v320\v320a2
[DEBUG] Migration already effectively installed (skipped): \phpbb\db\migration\data\v320\font_awesome_update
[DEBUG] Apply dependencies of \phpbb\db\migration\data\v320\report_id_auto_increment.
[DEBUG] Apply dependencies of \phpbb\db\migration\data\v320\default_data_type_ids.
[DEBUG] Installing Schema: \phpbb\db\migration\data\v320\default_data_type_ids.
[DEBUG] Installing Schema: \phpbb\db\migration\data\v320\default_data_type_ids; Time: 0.11 seconds
[DEBUG] Migration already effectively installed (skipped): \phpbb\db\migration\data\v320\v320a2
[DEBUG] Migration already effectively installed (skipped): \phpbb\db\migration\data\v320\font_awesome_update
[DEBUG] Apply dependencies of \phpbb\db\migration\data\v320\report_id_auto_increment.
[DEBUG] Apply dependencies of \phpbb\db\migration\data\v320\default_data_type_ids.
[DEBUG] Installing Schema: \phpbb\db\migration\data\v320\default_data_type_ids.
[DEBUG] Installing Schema: \phpbb\db\migration\data\v320\default_data_type_ids; Time: 0.09 seconds
[DEBUG] Migration already effectively installed (skipped): \phpbb\db\migration\data\v320\v320a2
[DEBUG] Migration already effectively installed (skipped): \phpbb\db\migration\data\v320\font_awesome_update
[DEBUG] Apply dependencies of \phpbb\db\migration\data\v320\report_id_auto_increment.
[DEBUG] Apply dependencies of \phpbb\db\migration\data\v320\default_data_type_ids.
[DEBUG] Installing Schema: \phpbb\db\migration\data\v320\default_data_type_ids.
[DEBUG] Installing Schema: \phpbb\db\migration\data\v320\default_data_type_ids; Time: 1.74 seconds
[DEBUG] Migration already effectively installed (skipped): \phpbb\db\migration\data\v320\v320a2
[DEBUG] Migration already effectively installed (skipped): \phpbb\db\migration\data\v320\font_awesome_update
[DEBUG] Apply dependencies of \phpbb\db\migration\data\v320\report_id_auto_increment.
[DEBUG] Apply dependencies of \phpbb\db\migration\data\v320\default_data_type_ids.
[DEBUG] Installing Schema: \phpbb\db\migration\data\v320\default_data_type_ids.
[DEBUG] Installing Schema: \phpbb\db\migration\data\v320\default_data_type_ids; Time: 5.50 seconds
[DEBUG] Migration already effectively installed (skipped): \phpbb\db\migration\data\v320\v320a2
[DEBUG] Migration already effectively installed (skipped): \phpbb\db\migration\data\v320\font_awesome_update
[DEBUG] Apply dependencies of \phpbb\db\migration\data\v320\report_id_auto_increment.
[DEBUG] Apply dependencies of \phpbb\db\migration\data\v320\default_data_type_ids.
[DEBUG] Installing Schema: \phpbb\db\migration\data\v320\default_data_type_ids.
[DEBUG] Installing Schema: \phpbb\db\migration\data\v320\default_data_type_ids; Time: 4.28 seconds
